[32m[1011 23:00:38 @logger.py:90][0m Argv: /usr/local/anaconda3/lib/python3.7/site-packages/ipykernel_launcher.py --ip=127.0.0.1 --stdin=9023 --control=9021 --hb=9020 --Session.signature_scheme="hmac-sha256" --Session.key=b"430d2307-d00a-4c81-93c6-3fd7282ea0f7" --shell=9022 --transport="tcp" --iopub=9024 --f=/var/folders/fn/srlqsr6122d57xhf833676t40000mk/T/tmp-210955W7A7OFAZrcM.json
[32m[1011 23:00:38 @model_utils.py:67][0m [36mList of Trainable Variables: 
[0mname                              shape         #elements
--------------------------------  ----------  -----------
gen/LSTM/go:0                     [1, 100]            100
gen/LSTM/lstm_cell/kernel:0       [500, 400]       200000
gen/LSTM/lstm_cell/bias:0         [400]               400
gen/LSTM/00/FC/W:0                [100, 100]        10000
gen/LSTM/00/FC/b:0                [100]               100
gen/LSTM/00/FC2/W:0               [100, 1]            100
gen/LSTM/00/FC2/b:0               [1]                   1
gen/LSTM/00/attw:0                [1, 1, 1]             1
gen/LSTM/01/FC/W:0                [100, 100]        10000
gen/LSTM/01/FC/b:0                [100]               100
gen/LSTM/01/FC2/W:0               [100, 5]            500
gen/LSTM/01/FC2/b:0               [5]                   5
gen/LSTM/01/FC3/W:0               [5, 100]            500
gen/LSTM/01/FC3/b:0               [100]               100
gen/LSTM/01/attw:0                [2, 1, 1]             2
gen/LSTM/02/FC/W:0                [100, 100]        10000
gen/LSTM/02/FC/b:0                [100]               100
gen/LSTM/02/FC2/W:0               [100, 1]            100
gen/LSTM/02/FC2/b:0               [1]                   1
gen/LSTM/02/attw:0                [3, 1, 1]             3
gen/LSTM/03/FC/W:0                [100, 100]        10000
gen/LSTM/03/FC/b:0                [100]               100
gen/LSTM/03/FC2/W:0               [100, 5]            500
gen/LSTM/03/FC2/b:0               [5]                   5
gen/LSTM/03/FC3/W:0               [5, 100]            500
gen/LSTM/03/FC3/b:0               [100]               100
gen/LSTM/03/attw:0                [4, 1, 1]             4
gen/LSTM/04/FC/W:0                [100, 100]        10000
gen/LSTM/04/FC/b:0                [100]               100
gen/LSTM/04/FC2/W:0               [100, 1]            100
gen/LSTM/04/FC2/b:0               [1]                   1
gen/LSTM/04/attw:0                [5, 1, 1]             5
gen/LSTM/05/FC/W:0                [100, 100]        10000
gen/LSTM/05/FC/b:0                [100]               100
gen/LSTM/05/FC2/W:0               [100, 5]            500
gen/LSTM/05/FC2/b:0               [5]                   5
gen/LSTM/05/FC3/W:0               [5, 100]            500
gen/LSTM/05/FC3/b:0               [100]               100
gen/LSTM/05/attw:0                [6, 1, 1]             6
discrim/dis_fc0/fc/W:0            [18, 100]          1800
discrim/dis_fc0/fc/b:0            [100]               100
discrim/dis_fc0/fc_diversity/W:0  [100, 100]        10000
discrim/dis_fc0/fc_diversity/b:0  [100]               100
discrim/dis_fc0/bn/beta:0         [110]               110
discrim/dis_fc_top/W:0            [110, 1]            110
discrim/dis_fc_top/b:0            [1]                   1[36m
Number of trainable variables: 46
Number of parameters (elements): 276960
Storage space needed for all trainable variables: 1.06MB[0m
[32m[1011 23:00:38 @base.py:209][0m Setup callbacks graph ...
[32m[1011 23:00:39 @summary.py:46][0m [MovingAverageSummary] 6 operations in collection 'MOVING_SUMMARY_OPS' will be run with session hooks.
[32m[1011 23:00:39 @summary.py:93][0m Summarizing collection 'summaries' of size 9.
[32m[1011 23:00:39 @graph.py:98][0m Applying collection UPDATE_OPS of 4 ops.
[32m[1011 23:00:40 @base.py:230][0m Creating the session ...
[32m[1011 23:00:41 @base.py:236][0m Initializing the session ...
[32m[1011 23:00:41 @base.py:243][0m Graph Finalized.
[32m[1011 23:00:42 @concurrency.py:38][0m Starting EnqueueThread QueueInput/input_queue ...
[32m[1011 23:00:42 @base.py:275][0m Start Epoch 1 ...
[32m[1011 23:04:56 @base.py:285][0m Epoch 1 (global_step 10000) finished, time:4 minutes 14 seconds.
[32m[1011 23:04:57 @saver.py:79][0m Model saved to output/model/model-10000.
[32m[1011 23:04:57 @monitor.py:467][0m GAN_loss/discrim/accuracy_fake: 0.88
[32m[1011 23:04:57 @monitor.py:467][0m GAN_loss/discrim/accuracy_real: 0.8
[32m[1011 23:04:57 @monitor.py:467][0m GAN_loss/discrim/loss: 0.37932
[32m[1011 23:04:57 @monitor.py:467][0m GAN_loss/gen/final-g-loss: 1.9303
[32m[1011 23:04:57 @monitor.py:467][0m GAN_loss/gen/klloss: 0.056125
[32m[1011 23:04:57 @monitor.py:467][0m GAN_loss/gen/loss: 1.8742
[32m[1011 23:04:57 @monitor.py:467][0m QueueInput/queue_size: 50
[32m[1011 23:04:57 @base.py:275][0m Start Epoch 2 ...
[32m[1011 23:08:54 @base.py:285][0m Epoch 2 (global_step 20000) finished, time:3 minutes 56 seconds.
[32m[1011 23:08:54 @saver.py:79][0m Model saved to output/model/model-20000.
[32m[1011 23:08:54 @monitor.py:467][0m GAN_loss/discrim/accuracy_fake: 0.82
[32m[1011 23:08:54 @monitor.py:467][0m GAN_loss/discrim/accuracy_real: 0.42
[32m[1011 23:08:54 @monitor.py:467][0m GAN_loss/discrim/loss: 0.61406
[32m[1011 23:08:54 @monitor.py:467][0m GAN_loss/gen/final-g-loss: 1.123
[32m[1011 23:08:54 @monitor.py:467][0m GAN_loss/gen/klloss: 0.08027
[32m[1011 23:08:54 @monitor.py:467][0m GAN_loss/gen/loss: 1.0427
[32m[1011 23:08:54 @monitor.py:467][0m QueueInput/queue_size: 50
[32m[1011 23:08:54 @base.py:275][0m Start Epoch 3 ...
[32m[1011 23:12:53 @base.py:285][0m Epoch 3 (global_step 30000) finished, time:3 minutes 59 seconds.
[32m[1011 23:12:53 @saver.py:79][0m Model saved to output/model/model-30000.
[32m[1011 23:12:53 @monitor.py:467][0m GAN_loss/discrim/accuracy_fake: 0.8
[32m[1011 23:12:53 @monitor.py:467][0m GAN_loss/discrim/accuracy_real: 0.32
[32m[1011 23:12:53 @monitor.py:467][0m GAN_loss/discrim/loss: 0.59945
[32m[1011 23:12:53 @monitor.py:467][0m GAN_loss/gen/final-g-loss: 1.2114
[32m[1011 23:12:53 @monitor.py:467][0m GAN_loss/gen/klloss: 0.10904
[32m[1011 23:12:53 @monitor.py:467][0m GAN_loss/gen/loss: 1.1023
[32m[1011 23:12:53 @monitor.py:467][0m QueueInput/queue_size: 50
[32m[1011 23:12:53 @base.py:275][0m Start Epoch 4 ...
[32m[1011 23:17:01 @base.py:285][0m Epoch 4 (global_step 40000) finished, time:4 minutes 7 seconds.
[32m[1011 23:17:01 @saver.py:79][0m Model saved to output/model/model-40000.
[32m[1011 23:17:01 @monitor.py:467][0m GAN_loss/discrim/accuracy_fake: 0.9
[32m[1011 23:17:01 @monitor.py:467][0m GAN_loss/discrim/accuracy_real: 0.36
[32m[1011 23:17:01 @monitor.py:467][0m GAN_loss/discrim/loss: 0.59509
[32m[1011 23:17:01 @monitor.py:467][0m GAN_loss/gen/final-g-loss: 1.1591
[32m[1011 23:17:01 @monitor.py:467][0m GAN_loss/gen/klloss: 0.066146
[32m[1011 23:17:01 @monitor.py:467][0m GAN_loss/gen/loss: 1.0929
[32m[1011 23:17:01 @monitor.py:467][0m QueueInput/queue_size: 50
[32m[1011 23:17:01 @base.py:275][0m Start Epoch 5 ...
[32m[1011 23:21:19 @base.py:285][0m Epoch 5 (global_step 50000) finished, time:4 minutes 17 seconds.
[32m[1011 23:21:19 @saver.py:79][0m Model saved to output/model/model-50000.
[32m[1011 23:21:19 @monitor.py:467][0m GAN_loss/discrim/accuracy_fake: 0.78
[32m[1011 23:21:19 @monitor.py:467][0m GAN_loss/discrim/accuracy_real: 0.4
[32m[1011 23:21:19 @monitor.py:467][0m GAN_loss/discrim/loss: 0.63115
[32m[1011 23:21:19 @monitor.py:467][0m GAN_loss/gen/final-g-loss: 1.0794
[32m[1011 23:21:19 @monitor.py:467][0m GAN_loss/gen/klloss: 0.052975
[32m[1011 23:21:19 @monitor.py:467][0m GAN_loss/gen/loss: 1.0264
[32m[1011 23:21:19 @monitor.py:467][0m QueueInput/queue_size: 50
[32m[1011 23:21:19 @base.py:289][0m Training has finished!
[32m[1011 23:21:20 @input_source.py:178][0m EnqueueThread QueueInput/input_queue Exited.
[32m[1011 23:21:20 @collection.py:146][0m New collections created in tower : tf.GraphKeys.REGULARIZATION_LOSSES
[32m[1011 23:21:20 @collection.py:165][0m These collections were modified but restored in : (tf.GraphKeys.SUMMARIES: 0->2)
[32m[1011 23:21:20 @sessinit.py:87][0m [5m[31mWRN[0m The following variables are in the checkpoint, but not found in the graph: global_step, optimize/beta1_power, optimize/beta2_power
[32m[1011 23:21:21 @sessinit.py:114][0m Restoring checkpoint from output/model/model-50000 ...
